c:\users\zivgr\documents\github\ray-tracer\raytracer\x64\debug\vc143.pdb
c:\users\zivgr\documents\github\ray-tracer\raytracer\x64\debug\vc143.idb
c:\users\zivg\documents\git\ray-tracer\raytracer\x64\debug\vc143.pdb
c:\users\zivg\documents\git\ray-tracer\raytracer\x64\debug\vc143.idb
c:\users\zivg\documents\git\ray-tracer\raytracer\x64\debug\vectors.obj
c:\users\zivg\documents\git\ray-tracer\raytracer\x64\debug\geometry.obj
c:\users\zivg\documents\git\ray-tracer\raytracer\x64\debug\rays.obj
c:\users\zivg\documents\git\ray-tracer\raytracer\x64\debug\main.obj
c:\users\zivg\documents\git\ray-tracer\raytracer\x64\debug\scene.obj
c:\users\zivg\documents\git\ray-tracer\raytracer\x64\debug\materials.obj
c:\users\zivg\documents\git\ray-tracer\raytracer\x64\debug\lighting.obj
c:\users\zivg\documents\git\ray-tracer\raytracer\x64\debug\helpers.obj
c:\users\zivg\documents\git\ray-tracer\raytracer\x64\debug\anti-aliasing.obj
c:\users\zivg\documents\git\ray-tracer\x64\debug\raytracer.exe
c:\users\zivg\documents\git\ray-tracer\raytracer\x64\debug\raytracer.ilk
c:\users\zivg\documents\git\ray-tracer\x64\debug\raytracer.pdb
c:\users\zivg\documents\ghub\ray-tracer\x64\debug\opencv_core2d.dll
c:\users\zivg\documents\ghub\ray-tracer\x64\debug\zlibd1.dll
c:\users\zivg\documents\ghub\ray-tracer\x64\debug\opencv_highgui2d.dll
c:\users\zivg\documents\ghub\ray-tracer\x64\debug\jpeg62.dll
c:\users\zivg\documents\ghub\ray-tracer\x64\debug\libpng16d.dll
c:\users\zivg\documents\ghub\ray-tracer\x64\debug\tiffd.dll
c:\users\zivg\documents\ghub\ray-tracer\x64\debug\liblzma.dll
c:\users\zivgr\documents\repos\ray-tracer\x64\debug\opencv_calib3d2d.dll
c:\users\zivgr\documents\repos\ray-tracer\x64\debug\opencv_features2d2d.dll
c:\users\zivgr\documents\repos\ray-tracer\x64\debug\opencv_flann2d.dll
c:\users\zivgr\documents\repos\ray-tracer\x64\debug\opencv_core2d.dll
c:\users\zivgr\documents\repos\ray-tracer\x64\debug\zlibd1.dll
c:\users\zivgr\documents\repos\ray-tracer\x64\debug\opencv_imgproc2d.dll
c:\users\zivgr\documents\repos\ray-tracer\x64\debug\opencv_core4d.dll
c:\users\zivgr\documents\repos\ray-tracer\x64\debug\opencv_highgui2d.dll
c:\users\zivgr\documents\repos\ray-tracer\x64\debug\jpeg62.dll
c:\users\zivgr\documents\repos\ray-tracer\x64\debug\libpng16d.dll
c:\users\zivgr\documents\repos\ray-tracer\x64\debug\tiffd.dll
c:\users\zivgr\documents\repos\ray-tracer\x64\debug\liblzma.dll
c:\users\zivgr\documents\repos\ray-tracer\x64\debug\opencv_highgui4d.dll
c:\users\zivgr\documents\repos\ray-tracer\x64\debug\opencv_videoio4d.dll
c:\users\zivgr\documents\repos\ray-tracer\x64\debug\opencv_imgcodecs4d.dll
c:\users\zivgr\documents\repos\ray-tracer\x64\debug\opencv_imgproc4d.dll
c:\users\zivgr\documents\repos\ray-tracer\x64\debug\libwebpdecoder.dll
c:\users\zivgr\documents\repos\ray-tracer\x64\debug\libwebp.dll
c:\users\zivgr\documents\repos\ray-tracer\x64\debug\libsharpyuv.dll
c:\users\zivg\documents\git\ray-tracer\x64\debug\opencv_calib3d2d.dll
c:\users\zivg\documents\git\ray-tracer\x64\debug\opencv_features2d2d.dll
c:\users\zivg\documents\git\ray-tracer\x64\debug\opencv_flann2d.dll
c:\users\zivg\documents\git\ray-tracer\x64\debug\zlibd1.dll
c:\users\zivg\documents\git\ray-tracer\x64\debug\opencv_imgproc2d.dll
c:\users\zivg\documents\git\ray-tracer\x64\debug\opencv_core4d.dll
c:\users\zivg\documents\git\ray-tracer\x64\debug\opencv_highgui2d.dll
c:\users\zivg\documents\git\ray-tracer\x64\debug\liblzma.dll
c:\users\zivg\documents\git\ray-tracer\x64\debug\opencv_highgui4d.dll
c:\users\zivg\documents\git\ray-tracer\x64\debug\opencv_videoio4d.dll
c:\users\zivg\documents\git\ray-tracer\x64\debug\opencv_imgcodecs4d.dll
c:\users\zivg\documents\git\ray-tracer\x64\debug\opencv_imgproc4d.dll
c:\users\zivg\documents\git\ray-tracer\x64\debug\libwebp.dll
c:\users\zivg\documents\git\ray-tracer\x64\debug\libsharpyuv.dll
c:\users\zivg\documents\git\ray-tracer\x64\debug\opencv_core2d.dll
c:\users\zivg\documents\git\ray-tracer\x64\debug\jpeg62.dll
c:\users\zivg\documents\git\ray-tracer\x64\debug\libpng16d.dll
c:\users\zivg\documents\git\ray-tracer\x64\debug\libwebpdecoder.dll
c:\users\zivg\documents\git\ray-tracer\x64\debug\tiffd.dll
c:\users\zivg\documents\git\ray-tracer\raytracer\x64\debug\geometry.obj.enc
c:\users\zivg\documents\git\ray-tracer\raytracer\x64\debug\rays.obj.enc
c:\users\zivg\documents\git\ray-tracer\raytracer\x64\debug\scene.obj.enc
c:\users\zivg\documents\git\ray-tracer\raytracer\x64\debug\raytracer.tlog\cl.command.1.tlog
c:\users\zivg\documents\git\ray-tracer\raytracer\x64\debug\raytracer.tlog\cl.items.tlog
c:\users\zivg\documents\git\ray-tracer\raytracer\x64\debug\raytracer.tlog\cl.read.1.tlog
c:\users\zivg\documents\git\ray-tracer\raytracer\x64\debug\raytracer.tlog\cl.write.1.tlog
c:\users\zivg\documents\git\ray-tracer\raytracer\x64\debug\raytracer.tlog\link.command.1.tlog
c:\users\zivg\documents\git\ray-tracer\raytracer\x64\debug\raytracer.tlog\link.read.1.tlog
c:\users\zivg\documents\git\ray-tracer\raytracer\x64\debug\raytracer.tlog\link.secondary.1.tlog
c:\users\zivg\documents\git\ray-tracer\raytracer\x64\debug\raytracer.tlog\link.write.1.tlog
c:\users\zivg\documents\git\ray-tracer\raytracer\x64\debug\raytracer.tlog\raytracer.write.1u.tlog
